mktextfm pplr7t
mktextfm pplr7t
mktextfm pplb7t
mktextfm nullfont
mktextfm pplri7t
mktextfm pplbi7t
mktextfm nullfont
mktextfm pplr7t
mktextfm pplb7t
mktextfm nullfont
mktextfm pplri7t
mktextfm pplbi7t
mktextfm nullfont
mktextfm pplr7t
mktextfm pplb7t
mktextfm nullfont
mktextfm pplri7t
mktextfm pplbi7t
mktextfm nullfont
mktextfm pplr7t
mktextfm pplb7t
mktextfm nullfont
mktextfm pplri7t
mktextfm pplbi7t
mktextfm nullfont
mktextfm pplb7t
mktextfm nullfont
mktextfm pplri7t
mktextfm pplbi7t
mktextfm nullfont
mktextfm pplr7t
mktextfm pplb7t
mktextfm nullfont
mktextfm pplri7t
mktextfm pplbi7t
mktextfm nullfont
mktextfm pplr7t
mktextfm pplb7t
mktextfm nullfont
mktextfm pplri7t
mktextfm pplbi7t
mktextfm nullfont
mktextfm pplr7t
mktextfm pplb7t
mktextfm nullfont
mktextfm pplri7t
mktextfm pplbi7t
mktextfm nullfont
mktextfm pplr7t
mktextfm pplb7t
mktextfm nullfont
mktextfm pplri7t
mktextfm pplbi7t
mktextfm nullfont
mktextfm pplr7t
mktextfm pplb7t
mktextfm nullfont
mktextfm pplri7t
mktextfm pplbi7t
mktextfm nullfont
mktextfm psyr
mktextfm pplr7t
mktextfm pplr7t
